<?xml version="1.0" encoding="UTF-8"?>
<!-- Generated by org.testng.reporters.JUnitXMLReporter -->
<testsuite ignored="0" hostname="LAPTOP-S8KVD42F" failures="2" tests="18" name="TutorialsNinjaTest" time="202.445" errors="0" timestamp="2023-11-06T20:14:19 GMT-05:00">
  <testcase classname="automationcodeofTutorialsninja.RegisterTest" name="VerifyingRegisterWithAllDetails" time="2.787"/>
  <testcase classname="automationcodeofTutorialsninja.RegisterTest" name="verifyingRegisterWithOnlyMandatoryDetails" time="2.512"/>
  <testcase classname="automationcodeofTutorialsninja.RegisterTest" name="verifyingRegisterWithNoDetails" time="1.239">
    <failure type="java.lang.AssertionError" message="The following asserts failed:
	expected [false] but found [true]">
      <![CDATA[java.lang.AssertionError: The following asserts failed:
expected [false] but found [true]
at automationcodeofTutorialsninja.RegisterTest.verifyingRegisterWithNoDetails(RegisterTest.java:75)
at java.base/java.util.ArrayList.forEach(ArrayList.java:1511)
... Removed 29 stack frames]]>
    </failure>
  </testcase> <!-- verifyingRegisterWithNoDetails -->
  <testcase classname="automationcodeofTutorialsninja.RegisterTest" name="VerifyRegisterWithDuplicateEmail" time="0.0">
    <skipped/>
  </testcase> <!-- VerifyRegisterWithDuplicateEmail -->
  <testcase classname="automationcodeofTutorialsninja.LoginTest" name="VerifyLoginWithValidCredentials" time="1.351"/>
  <testcase classname="automationcodeofTutorialsninja.LoginTest" name="VerifyLoginWithValidCredentials" time="1.525"/>
  <testcase classname="automationcodeofTutorialsninja.LoginTest" name="VerifyLoginWithValidCredentials" time="1.488"/>
  <testcase classname="automationcodeofTutorialsninja.LoginTest" name="VerifyLoginWithValidCredentials" time="1.695"/>
  <testcase classname="automationcodeofTutorialsninja.LoginTest" name="VerifyLoginWithValidCredentials" time="1.549"/>
  <testcase classname="automationcodeofTutorialsninja.LoginTest" name="VerifyLoginWithValidCredentials" time="1.431"/>
  <testcase classname="automationcodeofTutorialsninja.LoginTest" name="VerifyLoginWithValidCredentials" time="1.611"/>
  <testcase classname="automationcodeofTutorialsninja.LoginTest" name="VerifyLoginWithValidEmailInvalidPassword" time="1.109"/>
  <testcase classname="automationcodeofTutorialsninja.LoginTest" name="VerifyLoginWithInvalidEmailValidPassword" time="1.097"/>
  <testcase classname="automationcodeofTutorialsninja.LoginTest" name="VerifyLoginWithInvalidCredentials" time="1.078"/>
  <testcase classname="automationcodeofTutorialsninja.LoginTest" name="VerifyLoginWithNoCredentials" time="0.949">
    <failure type="java.lang.AssertionError" message="The following asserts failed:
	expected [false] but found [true]">
      <![CDATA[java.lang.AssertionError: The following asserts failed:
expected [false] but found [true]
at automationcodeofTutorialsninja.LoginTest.VerifyLoginWithNoCredentials(LoginTest.java:95)
at java.base/java.util.ArrayList.forEach(ArrayList.java:1511)
... Removed 29 stack frames]]>
    </failure>
  </testcase> <!-- VerifyLoginWithNoCredentials -->
  <testcase classname="automationcodeofTutorialsninja.SearchTest" name="SearchWithValidProduct" time="1.196"/>
  <testcase classname="automationcodeofTutorialsninja.SearchTest" name="SearchWithInvalidProduct" time="1.14"/>
  <testcase classname="automationcodeofTutorialsninja.SearchTest" name="SearchWithNoProduct" time="0.863"/>
</testsuite> <!-- TutorialsNinjaTest -->
