<?xml version="1.0" encoding="UTF-8"?>
<!-- Generated by org.testng.reporters.JUnitXMLReporter -->
<testsuite ignored="0" hostname="LAPTOP-S8KVD42F" failures="2" tests="18" name="Tutorials Test" time="234.887" errors="0" timestamp="2023-11-06T21:14:52 GMT-05:00">
  <testcase classname="automationcodeofTutorialsninja.SearchTest" name="SearchWithValidProduct" time="1.312"/>
  <testcase classname="automationcodeofTutorialsninja.SearchTest" name="SearchWithInvalidProduct" time="1.12"/>
  <testcase classname="automationcodeofTutorialsninja.SearchTest" name="SearchWithNoProduct" time="1.029"/>
  <testcase classname="automationcodeofTutorialsninja.RegisterTest" name="VerifyingRegisterWithAllDetails" time="2.934"/>
  <testcase classname="automationcodeofTutorialsninja.RegisterTest" name="verifyingRegisterWithOnlyMandatoryDetails" time="2.446"/>
  <testcase classname="automationcodeofTutorialsninja.RegisterTest" name="verifyingRegisterWithNoDetails" time="1.389">
    <failure type="java.lang.AssertionError" message="The following asserts failed:
	expected [false] but found [true]">
      <![CDATA[java.lang.AssertionError: The following asserts failed:
expected [false] but found [true]
at automationcodeofTutorialsninja.RegisterTest.verifyingRegisterWithNoDetails(RegisterTest.java:75)
at java.base/java.util.ArrayList.forEach(ArrayList.java:1511)
... Removed 29 stack frames]]>
    </failure>
  </testcase> <!-- verifyingRegisterWithNoDetails -->
  <testcase classname="automationcodeofTutorialsninja.RegisterTest" name="VerifyRegisterWithDuplicateEmail" time="0.0">
    <skipped/>
  </testcase> <!-- VerifyRegisterWithDuplicateEmail -->
  <testcase classname="automationcodeofTutorialsninja.LoginTest" name="VerifyLoginWithValidCredentials" time="1.563"/>
  <testcase classname="automationcodeofTutorialsninja.LoginTest" name="VerifyLoginWithValidCredentials" time="1.455"/>
  <testcase classname="automationcodeofTutorialsninja.LoginTest" name="VerifyLoginWithValidCredentials" time="1.623"/>
  <testcase classname="automationcodeofTutorialsninja.LoginTest" name="VerifyLoginWithValidCredentials" time="1.607"/>
  <testcase classname="automationcodeofTutorialsninja.LoginTest" name="VerifyLoginWithValidCredentials" time="1.888"/>
  <testcase classname="automationcodeofTutorialsninja.LoginTest" name="VerifyLoginWithValidCredentials" time="1.319"/>
  <testcase classname="automationcodeofTutorialsninja.LoginTest" name="VerifyLoginWithValidCredentials" time="1.481"/>
  <testcase classname="automationcodeofTutorialsninja.LoginTest" name="VerifyLoginWithValidEmailInvalidPassword" time="1.271"/>
  <testcase classname="automationcodeofTutorialsninja.LoginTest" name="VerifyLoginWithInvalidEmailValidPassword" time="1.34"/>
  <testcase classname="automationcodeofTutorialsninja.LoginTest" name="VerifyLoginWithInvalidCredentials" time="1.453"/>
  <testcase classname="automationcodeofTutorialsninja.LoginTest" name="VerifyLoginWithNoCredentials" time="0.839">
    <failure type="java.lang.AssertionError" message="The following asserts failed:
	expected [false] but found [true]">
      <![CDATA[java.lang.AssertionError: The following asserts failed:
expected [false] but found [true]
at automationcodeofTutorialsninja.LoginTest.VerifyLoginWithNoCredentials(LoginTest.java:95)
at java.base/java.util.ArrayList.forEach(ArrayList.java:1511)
... Removed 29 stack frames]]>
    </failure>
  </testcase> <!-- VerifyLoginWithNoCredentials -->
</testsuite> <!-- Tutorials Test -->
