<?xml version="1.0" encoding="UTF-8"?>
<!-- Generated by org.testng.reporters.JUnitXMLReporter -->
<testsuite ignored="0" hostname="LAPTOP-S8KVD42F" failures="2" tests="18" name="NinjTest" time="318.862" errors="0" timestamp="2023-11-06T23:35:57 GMT-05:00">
  <testcase classname="automationcodeofTutorialsninja.RegisterTest" name="VerifyingRegisterWithAllDetails" time="3.331"/>
  <testcase classname="automationcodeofTutorialsninja.RegisterTest" name="verifyingRegisterWithOnlyMandatoryDetails" time="2.725"/>
  <testcase classname="automationcodeofTutorialsninja.RegisterTest" name="verifyingRegisterWithNoDetails" time="1.257">
    <failure type="java.lang.AssertionError" message="The following asserts failed:
	expected [false] but found [true]">
      <![CDATA[java.lang.AssertionError: The following asserts failed:
expected [false] but found [true]
at automationcodeofTutorialsninja.RegisterTest.verifyingRegisterWithNoDetails(RegisterTest.java:75)
at java.base/java.util.ArrayList.forEach(ArrayList.java:1511)
... Removed 29 stack frames]]>
    </failure>
  </testcase> <!-- verifyingRegisterWithNoDetails -->
  <testcase classname="automationcodeofTutorialsninja.RegisterTest" name="VerifyRegisterWithDuplicateEmail" time="0.0">
    <skipped/>
  </testcase> <!-- VerifyRegisterWithDuplicateEmail -->
  <testcase classname="automationcodeofTutorialsninja.LoginTest" name="VerifyLoginWithValidCredentials" time="1.816"/>
  <testcase classname="automationcodeofTutorialsninja.LoginTest" name="VerifyLoginWithValidCredentials" time="2.93"/>
  <testcase classname="automationcodeofTutorialsninja.LoginTest" name="VerifyLoginWithValidCredentials" time="1.706"/>
  <testcase classname="automationcodeofTutorialsninja.LoginTest" name="VerifyLoginWithValidCredentials" time="1.753"/>
  <testcase classname="automationcodeofTutorialsninja.LoginTest" name="VerifyLoginWithValidCredentials" time="2.23"/>
  <testcase classname="automationcodeofTutorialsninja.LoginTest" name="VerifyLoginWithValidCredentials" time="1.512"/>
  <testcase classname="automationcodeofTutorialsninja.LoginTest" name="VerifyLoginWithValidCredentials" time="1.753"/>
  <testcase classname="automationcodeofTutorialsninja.LoginTest" name="VerifyLoginWithValidEmailInvalidPassword" time="1.137"/>
  <testcase classname="automationcodeofTutorialsninja.LoginTest" name="VerifyLoginWithInvalidEmailValidPassword" time="1.069"/>
  <testcase classname="automationcodeofTutorialsninja.LoginTest" name="VerifyLoginWithInvalidCredentials" time="0.983"/>
  <testcase classname="automationcodeofTutorialsninja.LoginTest" name="VerifyLoginWithNoCredentials" time="0.656">
    <failure type="java.lang.AssertionError" message="The following asserts failed:
	expected [false] but found [true]">
      <![CDATA[java.lang.AssertionError: The following asserts failed:
expected [false] but found [true]
at automationcodeofTutorialsninja.LoginTest.VerifyLoginWithNoCredentials(LoginTest.java:95)
at java.base/java.util.ArrayList.forEach(ArrayList.java:1511)
... Removed 29 stack frames]]>
    </failure>
  </testcase> <!-- VerifyLoginWithNoCredentials -->
  <testcase classname="automationcodeofTutorialsninja.SearchTest" name="SearchWithValidProduct" time="1.179"/>
  <testcase classname="automationcodeofTutorialsninja.SearchTest" name="SearchWithInvalidProduct" time="1.178"/>
  <testcase classname="automationcodeofTutorialsninja.SearchTest" name="SearchWithNoProduct" time="0.821"/>
</testsuite> <!-- NinjTest -->
