<?xml version="1.0" encoding="UTF-8"?>
<!-- Generated by org.testng.reporters.JUnitXMLReporter -->
<testsuite ignored="0" hostname="LAPTOP-S8KVD42F" failures="2" tests="28" name="NinTest" time="700.563" errors="0" timestamp="2023-12-28T13:09:43 GMT-05:00">
  <testcase classname="automationcodeofTutorialsninja.RegisterTest" name="VerifyingRegisterWithAllDetails" time="3.58"/>
  <testcase classname="automationcodeofTutorialsninja.RegisterTest" name="verifyingRegisterWithOnlyMandatoryDetails" time="2.894"/>
  <testcase classname="automationcodeofTutorialsninja.RegisterTest" name="verifyingRegisterWithNoDetails" time="1.29">
    <failure type="java.lang.AssertionError" message="The following asserts failed:
	expected [false] but found [true]">
      <![CDATA[java.lang.AssertionError: The following asserts failed:
expected [false] but found [true]
at automationcodeofTutorialsninja.RegisterTest.verifyingRegisterWithNoDetails(RegisterTest.java:74)
at java.base/java.util.ArrayList.forEach(ArrayList.java:1511)
... Removed 29 stack frames]]>
    </failure>
  </testcase> <!-- verifyingRegisterWithNoDetails -->
  <testcase classname="automationcodeofTutorialsninja.RegisterTest" name="VerifyRegisterWithDuplicateEmail" time="0.0">
    <skipped/>
  </testcase> <!-- VerifyRegisterWithDuplicateEmail -->
  <testcase classname="automationcodeofTutorialsninja.LoginTest" name="VerifyLoginWithValidCredentials" time="1.614"/>
  <testcase classname="automationcodeofTutorialsninja.LoginTest" name="VerifyLoginWithValidCredentials" time="1.459"/>
  <testcase classname="automationcodeofTutorialsninja.LoginTest" name="VerifyLoginWithValidCredentials" time="1.963"/>
  <testcase classname="automationcodeofTutorialsninja.LoginTest" name="VerifyLoginWithValidCredentials" time="2.083"/>
  <testcase classname="automationcodeofTutorialsninja.LoginTest" name="VerifyLoginWithValidCredentials" time="3.413"/>
  <testcase classname="automationcodeofTutorialsninja.LoginTest" name="VerifyLoginWithValidCredentials" time="1.692"/>
  <testcase classname="automationcodeofTutorialsninja.LoginTest" name="VerifyLoginWithValidCredentials" time="1.626"/>
  <testcase classname="automationcodeofTutorialsninja.LoginTest" name="VerifyLoginWithValidEmailInvalidPassword" time="1.333"/>
  <testcase classname="automationcodeofTutorialsninja.LoginTest" name="VerifyLoginWithInvalidEmailValidPassword" time="1.368"/>
  <testcase classname="automationcodeofTutorialsninja.LoginTest" name="VerifyLoginWithInvalidCredentials" time="1.246"/>
  <testcase classname="automationcodeofTutorialsninja.LoginTest" name="VerifyLoginWithNoCredentials" time="0.966">
    <failure type="java.lang.AssertionError" message="The following asserts failed:
	expected [false] but found [true]">
      <![CDATA[java.lang.AssertionError: The following asserts failed:
expected [false] but found [true]
at automationcodeofTutorialsninja.LoginTest.VerifyLoginWithNoCredentials(LoginTest.java:95)
at java.base/java.util.ArrayList.forEach(ArrayList.java:1511)
... Removed 29 stack frames]]>
    </failure>
  </testcase> <!-- VerifyLoginWithNoCredentials -->
  <testcase classname="automationcodeofTutorialsninja.SearchTest" name="SearchWithValidProduct" time="3.96"/>
  <testcase classname="automationcodeofTutorialsninja.SearchTest" name="SearchWithInvalidProduct" time="3.703"/>
  <testcase classname="automationcodeofTutorialsninja.SearchTest" name="SearchWithNoProduct" time="3.201"/>
  <testcase classname="automationcodeofTutorialsninja.CartTest" name="addItemsToCart" time="16.3"/>
  <testcase classname="automationcodeofTutorialsninja.ItemDetailTest" name="detailsOfTheProudct" time="15.032"/>
  <testcase classname="automationcodeofTutorialsninja.CheckoutTest" name="Finishh" time="28.62"/>
  <testcase classname="automationcodeofTutorialsninja.LogoutTest" name="Lout" time="4.568"/>
  <testcase classname="automationcodeofTutorialsninja.LogoutTest" name="Lout" time="4.497"/>
  <testcase classname="automationcodeofTutorialsninja.LogoutTest" name="Lout" time="3.519"/>
  <testcase classname="automationcodeofTutorialsninja.LogoutTest" name="Lout" time="4.061"/>
  <testcase classname="automationcodeofTutorialsninja.LogoutTest" name="Lout" time="4.458"/>
  <testcase classname="automationcodeofTutorialsninja.LogoutTest" name="Lout" time="4.367"/>
  <testcase classname="automationcodeofTutorialsninja.LogoutTest" name="Lout" time="4.009"/>
</testsuite> <!-- NinTest -->
