<?xml version="1.0" encoding="UTF-8"?>
<!-- Generated by org.testng.reporters.JUnitXMLReporter -->
<testsuite ignored="0" hostname="LAPTOP-S8KVD42F" failures="2" tests="18" name="NinjaTest" time="160.672" errors="0" timestamp="2023-11-04T10:23:05 GMT-04:00">
  <testcase classname="automationcodeofTutorialsninja.RegisterTest" name="VerifyingRegisterWithAllDetails" time="3.242"/>
  <testcase classname="automationcodeofTutorialsninja.RegisterTest" name="verifyingRegisterWithOnlyMandatoryDetails" time="2.471"/>
  <testcase classname="automationcodeofTutorialsninja.RegisterTest" name="verifyingRegisterWithNoDetails" time="1.164">
    <failure type="java.lang.AssertionError" message="The following asserts failed:
	expected [false] but found [true]">
      <![CDATA[java.lang.AssertionError: The following asserts failed:
expected [false] but found [true]
at automationcodeofTutorialsninja.RegisterTest.verifyingRegisterWithNoDetails(RegisterTest.java:75)
at java.base/java.util.ArrayList.forEach(ArrayList.java:1511)
... Removed 29 stack frames]]>
    </failure>
  </testcase> <!-- verifyingRegisterWithNoDetails -->
  <testcase classname="automationcodeofTutorialsninja.RegisterTest" name="VerifyRegisterWithDuplicateEmail" time="0.0">
    <skipped/>
  </testcase> <!-- VerifyRegisterWithDuplicateEmail -->
  <testcase classname="automationcodeofTutorialsninja.LoginTest" name="VerifyLoginWithValidCredentials" time="1.798"/>
  <testcase classname="automationcodeofTutorialsninja.LoginTest" name="VerifyLoginWithValidCredentials" time="1.637"/>
  <testcase classname="automationcodeofTutorialsninja.LoginTest" name="VerifyLoginWithValidCredentials" time="2.103"/>
  <testcase classname="automationcodeofTutorialsninja.LoginTest" name="VerifyLoginWithValidCredentials" time="1.836"/>
  <testcase classname="automationcodeofTutorialsninja.LoginTest" name="VerifyLoginWithValidCredentials" time="1.841"/>
  <testcase classname="automationcodeofTutorialsninja.LoginTest" name="VerifyLoginWithValidCredentials" time="1.511"/>
  <testcase classname="automationcodeofTutorialsninja.LoginTest" name="VerifyLoginWithValidCredentials" time="3.015"/>
  <testcase classname="automationcodeofTutorialsninja.LoginTest" name="VerifyLoginWithValidEmailInvalidPassword" time="1.661"/>
  <testcase classname="automationcodeofTutorialsninja.LoginTest" name="VerifyLoginWithInvalidEmailValidPassword" time="1.5"/>
  <testcase classname="automationcodeofTutorialsninja.LoginTest" name="VerifyLoginWithInvalidCredentials" time="1.392"/>
  <testcase classname="automationcodeofTutorialsninja.LoginTest" name="VerifyLoginWithNoCredentials" time="0.602">
    <failure type="java.lang.AssertionError" message="The following asserts failed:
	expected [false] but found [true]">
      <![CDATA[java.lang.AssertionError: The following asserts failed:
expected [false] but found [true]
at automationcodeofTutorialsninja.LoginTest.VerifyLoginWithNoCredentials(LoginTest.java:95)
at java.base/java.util.ArrayList.forEach(ArrayList.java:1511)
... Removed 29 stack frames]]>
    </failure>
  </testcase> <!-- VerifyLoginWithNoCredentials -->
  <testcase classname="automationcodeofTutorialsninja.SearchTest" name="SearchWithValidProduct" time="0.946"/>
  <testcase classname="automationcodeofTutorialsninja.SearchTest" name="SearchWithInvalidProduct" time="0.763"/>
  <testcase classname="automationcodeofTutorialsninja.SearchTest" name="SearchWithNoProduct" time="0.766"/>
</testsuite> <!-- NinjaTest -->
